<?xml version="1.0" encoding="UTF-8"?>
<!-- Generated by org.testng.reporters.JUnitReportReporter -->
<testsuite hostname="GURMBCP3078" failures="0" tests="1" name="com.emailAutomation.BrowserStack" time="53.517" errors="0" timestamp="31 Jul 2022 19:04:43 GMT">
  <testcase classname="com.emailAutomation.BrowserStack" name="flipkart" time="53.517"/>
</testsuite> <!-- com.emailAutomation.BrowserStack -->
